<?xml version="1.0" encoding="UTF-8" ?>
<testsuite tests="70" failures="0" name="com.intive.patronage.test.features.TestRunner" time="7.51" errors="0" skipped="0">
  <properties>
    <property name="java.runtime.name" value="Java(TM) SE Runtime Environment"/>
    <property name="sun.boot.library.path" value="C:\Program Files\Java\jdk1.8.0_151\jre\bin"/>
    <property name="java.vm.version" value="25.151-b12"/>
    <property name="java.vm.vendor" value="Oracle Corporation"/>
    <property name="maven.multiModuleProjectDirectory" value="C:\Users\Wiktoria\IdeaProjects\patronage_zadanie3"/>
    <property name="java.vendor.url" value="http://java.oracle.com/"/>
    <property name="path.separator" value=";"/>
    <property name="guice.disable.misplaced.annotation.check" value="true"/>
    <property name="java.vm.name" value="Java HotSpot(TM) 64-Bit Server VM"/>
    <property name="file.encoding.pkg" value="sun.io"/>
    <property name="user.script" value=""/>
    <property name="user.country" value="PL"/>
    <property name="sun.java.launcher" value="SUN_STANDARD"/>
    <property name="sun.os.patch.level" value=""/>
    <property name="java.vm.specification.name" value="Java Virtual Machine Specification"/>
    <property name="user.dir" value="C:\Users\Wiktoria\IdeaProjects\patronage_zadanie3"/>
    <property name="java.runtime.version" value="1.8.0_151-b12"/>
    <property name="java.awt.graphicsenv" value="sun.awt.Win32GraphicsEnvironment"/>
    <property name="java.endorsed.dirs" value="C:\Program Files\Java\jdk1.8.0_151\jre\lib\endorsed"/>
    <property name="os.arch" value="amd64"/>
    <property name="java.io.tmpdir" value="C:\Users\Wiktoria\AppData\Local\Temp\"/>
    <property name="line.separator" value="
"/>
    <property name="java.vm.specification.vendor" value="Oracle Corporation"/>
    <property name="user.variant" value=""/>
    <property name="os.name" value="Windows 10"/>
    <property name="classworlds.conf" value="C:\apache-maven-3.5.2-bin\apache-maven-3.5.2\bin\..\bin\m2.conf"/>
    <property name="sun.jnu.encoding" value="Cp1250"/>
    <property name="java.library.path" value="C:\Program Files\Java\jdk1.8.0_151\bin;C:\WINDOWS\Sun\Java\bin;C:\WINDOWS\system32;C:\WINDOWS;C:\Program Files\Java\jdk1.8.0_151\bin;C:\ProgramData\Oracle\Java\javapath;C:\Program Files\Microsoft MPI\Bin\;C:\Program Files (x86)\Intel\iCLS Client\;C:\Program Files\Intel\iCLS Client\;C:\Program Files (x86)\NVIDIA Corporation\PhysX\Common;C:\WINDOWS\system32;C:\WINDOWS;C:\WINDOWS\System32\Wbem;C:\WINDOWS\System32\WindowsPowerShell\v1.0\;C:\Program Files\Intel\Intel(R) Management Engine Components\DAL;C:\Program Files\Intel\Intel(R) Management Engine Components\IPT;C:\Program Files (x86)\Intel\Intel(R) Management Engine Components\DAL;C:\Program Files (x86)\Intel\Intel(R) Management Engine Components\IPT;C:\Program Files\Intel\WiFi\bin\;C:\Program Files\Common Files\Intel\WirelessCommon\;C:\Program Files (x86)\Skype\Phone\;D:\SAS 9.4\SASFoundation\9.4\ets\sasexe;D:\SAS 9.4\Secure\ccme4;D:\SAS 9.4\x86\Secure\ccme4;C:\Program Files\Microsoft SQL Server\130\Tools\Binn\;C:\Program Files\dotnet\;C:\Program Files\Common Files\Autodesk Shared\;C:\Program Files (x86)\Autodesk\Backburner\;C:\Program Files (x86)\Git\cmd;C:\apache-maven-3.5.2-bin\apache-maven-3.5.2\bin;C:\Program Files (x86)\Microsoft SQL Server\110\Tools\Binn\;C:\Program Files (x86)\Microsoft SQL Server\110\DTS\Binn\;C:\Program Files\Bandizip\7z;C:\Users\Wiktoria\AppData\Local\Microsoft\WindowsApps;;."/>
    <property name="maven.conf" value="C:\apache-maven-3.5.2-bin\apache-maven-3.5.2\bin\../conf"/>
    <property name="java.specification.name" value="Java Platform API Specification"/>
    <property name="java.class.version" value="52.0"/>
    <property name="sun.management.compiler" value="HotSpot 64-Bit Tiered Compilers"/>
    <property name="os.version" value="10.0"/>
    <property name="library.jansi.path" value="C:\apache-maven-3.5.2-bin\apache-maven-3.5.2\bin\..\lib\jansi-native"/>
    <property name="user.home" value="C:\Users\Wiktoria"/>
    <property name="user.timezone" value="Europe/Belgrade"/>
    <property name="java.awt.printerjob" value="sun.awt.windows.WPrinterJob"/>
    <property name="java.specification.version" value="1.8"/>
    <property name="file.encoding" value="Cp1250"/>
    <property name="user.name" value="Wiktoria"/>
    <property name="java.class.path" value="C:\apache-maven-3.5.2-bin\apache-maven-3.5.2\bin\..\boot\plexus-classworlds-2.5.2.jar"/>
    <property name="java.vm.specification.version" value="1.8"/>
    <property name="sun.arch.data.model" value="64"/>
    <property name="java.home" value="C:\Program Files\Java\jdk1.8.0_151\jre"/>
    <property name="sun.java.command" value="org.codehaus.plexus.classworlds.launcher.Launcher test"/>
    <property name="java.specification.vendor" value="Oracle Corporation"/>
    <property name="user.language" value="pl"/>
    <property name="awt.toolkit" value="sun.awt.windows.WToolkit"/>
    <property name="java.vm.info" value="mixed mode"/>
    <property name="java.version" value="1.8.0_151"/>
    <property name="java.ext.dirs" value="C:\Program Files\Java\jdk1.8.0_151\jre\lib\ext;C:\WINDOWS\Sun\Java\lib\ext"/>
    <property name="sun.boot.class.path" value="C:\Program Files\Java\jdk1.8.0_151\jre\lib\resources.jar;C:\Program Files\Java\jdk1.8.0_151\jre\lib\rt.jar;C:\Program Files\Java\jdk1.8.0_151\jre\lib\sunrsasign.jar;C:\Program Files\Java\jdk1.8.0_151\jre\lib\jsse.jar;C:\Program Files\Java\jdk1.8.0_151\jre\lib\jce.jar;C:\Program Files\Java\jdk1.8.0_151\jre\lib\charsets.jar;C:\Program Files\Java\jdk1.8.0_151\jre\lib\jfr.jar;C:\Program Files\Java\jdk1.8.0_151\jre\classes"/>
    <property name="sun.stderr.encoding" value="cp852"/>
    <property name="java.vendor" value="Oracle Corporation"/>
    <property name="maven.home" value="C:\apache-maven-3.5.2-bin\apache-maven-3.5.2\bin\.."/>
    <property name="file.separator" value="\"/>
    <property name="java.vendor.url.bug" value="http://bugreport.sun.com/bugreport/"/>
    <property name="sun.cpu.endian" value="little"/>
    <property name="sun.io.unicode.encoding" value="UnicodeLittle"/>
    <property name="sun.stdout.encoding" value="cp852"/>
    <property name="sun.desktop" value="windows"/>
    <property name="sun.cpu.isalist" value="amd64"/>
  </properties>
  <testcase classname="Scenario: User has been already registered" name="Given I am on the authentication form page" time="0.002"/>
  <testcase classname="Scenario: User has been already registered" name="When I enter email address &quot;test@migmail.pl&quot;" time="0"/>
  <testcase classname="Scenario: User has been already registered" name="And I press CreateAnAccount button" time="0"/>
  <testcase classname="Scenario: User has been already registered" name="Then I should see account create error message" time="0"/>
  <testcase classname="Scenario: User has been already registered" name="Scenario: User has been already registered" time="0.652"/>
  <testcase classname="Scenario: User successfully authenticate to the application" name="Given I am on the authentication form page" time="0"/>
  <testcase classname="Scenario: User successfully authenticate to the application" name="When I enter valid email address &quot;test@migmail.pl&quot; and password &quot;test1&quot;" time="0"/>
  <testcase classname="Scenario: User successfully authenticate to the application" name="And I press SignIn button" time="0"/>
  <testcase classname="Scenario: User successfully authenticate to the application" name="Then My account page should be open" time="0"/>
  <testcase classname="Scenario: User successfully authenticate to the application" name="And I should see My personal information button" time="0"/>
  <testcase classname="Scenario: User successfully authenticate to the application" name="Scenario: User successfully authenticate to the application" time="0.65"/>
  <testcase classname="| test@migmail.pl | test2 |" name="Given I am on the authentication form page" time="0"/>
  <testcase classname="| test@migmail.pl | test2 |" name="When I enter valid email address &quot;test@migmail.pl&quot; and invalid password &quot;test2&quot;" time="0"/>
  <testcase classname="| test@migmail.pl | test2 |" name="And I press SignIn button" time="0"/>
  <testcase classname="| test@migmail.pl | test2 |" name="Then I should see error message" time="0"/>
  <testcase classname="| test@migmail.pl | test2 |" name="| test@migmail.pl | test2 |" time="0.678"/>
  <testcase classname="| test@migmail.pl | testtest |" name="Given I am on the authentication form page" time="0"/>
  <testcase classname="| test@migmail.pl | testtest |" name="When I enter valid email address &quot;test@migmail.pl&quot; and invalid password &quot;testtest&quot;" time="0"/>
  <testcase classname="| test@migmail.pl | testtest |" name="And I press SignIn button" time="0"/>
  <testcase classname="| test@migmail.pl | testtest |" name="Then I should see error message" time="0"/>
  <testcase classname="| test@migmail.pl | testtest |" name="| test@migmail.pl | testtest |" time="0.687"/>
  <testcase classname="Scenario: Unregistered user failed authenticate to the application" name="Given I am on the authentication form page" time="0"/>
  <testcase classname="Scenario: Unregistered user failed authenticate to the application" name="When I enter login &quot;newUser@test.com&quot; and password &quot;newPassword&quot;" time="0"/>
  <testcase classname="Scenario: Unregistered user failed authenticate to the application" name="And I press SignIn button" time="0"/>
  <testcase classname="Scenario: Unregistered user failed authenticate to the application" name="Then I should see error message" time="0"/>
  <testcase classname="Scenario: Unregistered user failed authenticate to the application" name="Scenario: Unregistered user failed authenticate to the application" time="0.69"/>
  <testcase classname="| testtest |" name="Given I am on the authentication form page" time="0"/>
  <testcase classname="| testtest |" name="When I enter &quot;testtest&quot; in EmailAdress field" time="0"/>
  <testcase classname="| testtest |" name="And I press SignIn button" time="0"/>
  <testcase classname="| testtest |" name="Then I should see error message Invalid email address" time="0"/>
  <testcase classname="| testtest |" name="| testtest |" time="0.681"/>
  <testcase classname="| test@test@com |" name="Given I am on the authentication form page" time="0"/>
  <testcase classname="| test@test@com |" name="When I enter &quot;test@test@com&quot; in EmailAdress field" time="0"/>
  <testcase classname="| test@test@com |" name="And I press SignIn button" time="0"/>
  <testcase classname="| test@test@com |" name="Then I should see error message Invalid email address" time="0.001"/>
  <testcase classname="| test@test@com |" name="| test@test@com |" time="0.713"/>
  <testcase classname="| @test.com |" name="Given I am on the authentication form page" time="0"/>
  <testcase classname="| @test.com |" name="When I enter &quot;@test.com&quot; in EmailAdress field" time="0"/>
  <testcase classname="| @test.com |" name="And I press SignIn button" time="0"/>
  <testcase classname="| @test.com |" name="Then I should see error message Invalid email address" time="0"/>
  <testcase classname="| @test.com |" name="| @test.com |" time="0.672"/>
  <testcase classname="| test.test.com |" name="Given I am on the authentication form page" time="0"/>
  <testcase classname="| test.test.com |" name="When I enter &quot;test.test.com&quot; in EmailAdress field" time="0"/>
  <testcase classname="| test.test.com |" name="And I press SignIn button" time="0"/>
  <testcase classname="| test.test.com |" name="Then I should see error message Invalid email address" time="0"/>
  <testcase classname="| test.test.com |" name="| test.test.com |" time="0.739"/>
  <testcase classname="Scenario: User make order" name="Given I am an authenticated user with login &quot;test@migmail.pl&quot; and password &quot;test1&quot;" time="0"/>
  <testcase classname="Scenario: User make order" name="When I press Home page button" time="0.001"/>
  <testcase classname="Scenario: User make order" name="And I choose product" time="0"/>
  <testcase classname="Scenario: User make order" name="And I press AddToCart button" time="0"/>
  <testcase classname="Scenario: User make order" name="And I open Shopping Cart" time="0"/>
  <testcase classname="Scenario: User make order" name="And I am on  Shopping Cart Summary page" time="0"/>
  <testcase classname="Scenario: User make order" name="And I press ProceedToCheckout button" time="0"/>
  <testcase classname="Scenario: User make order" name="And I am on Addresses page" time="0"/>
  <testcase classname="Scenario: User make order" name="And I press Procced to chekout button" time="0"/>
  <testcase classname="Scenario: User make order" name="And I am on Shipping page" time="0"/>
  <testcase classname="Scenario: User make order" name="And I accept terms of service" time="0"/>
  <testcase classname="Scenario: User make order" name="And I am on Payment page" time="0"/>
  <testcase classname="Scenario: User make order" name="And I choose payment option" time="0"/>
  <testcase classname="Scenario: User make order" name="And I confirm my order" time="0"/>
  <testcase classname="Scenario: User make order" name="Then I should see confirmation message" time="0"/>
  <testcase classname="Scenario: User make order" name="Scenario: User make order" time="0.682"/>
  <testcase classname="Scenario: User&apos;s personal data in &quot;My personal information&quot; page is correct" name="Given I am on the login page" time="0.001"/>
  <testcase classname="Scenario: User&apos;s personal data in &quot;My personal information&quot; page is correct" name="When I authenticate to the application with login &quot;test@migmail.pl&quot; and password &quot;test1&quot;" time="0"/>
  <testcase classname="Scenario: User&apos;s personal data in &quot;My personal information&quot; page is correct" name="And I click MyPersonalInformation button" time="0"/>
  <testcase classname="Scenario: User&apos;s personal data in &quot;My personal information&quot; page is correct" name="Then I should see Your Personal Information form" time="0"/>
  <testcase classname="Scenario: User&apos;s personal data in &quot;My personal information&quot; page is correct" name="And First name filed should be filled with name &quot;Ann&quot;" time="0"/>
  <testcase classname="Scenario: User&apos;s personal data in &quot;My personal information&quot; page is correct" name="And Last name filed should be filled with name &quot;Johnson&quot;" time="0"/>
  <testcase classname="Scenario: User&apos;s personal data in &quot;My personal information&quot; page is correct" name="And E-mail address should be filled with email &quot;test@migmail.pl&quot;" time="0"/>
  <testcase classname="Scenario: User&apos;s personal data in &quot;My personal information&quot; page is correct" name="Scenario: User&apos;s personal data in &quot;My personal information&quot; page is correct" time="0.661"/>
</testsuite>